{
  "stats": {
    "suites": 1,
    "tests": 6,
    "passes": 6,
    "pending": 0,
    "failures": 0,
    "start": "2022-11-22T09:22:40.898Z",
    "end": "2022-11-22T09:22:57.809Z",
    "duration": 16911,
    "testsRegistered": 6,
    "passPercent": 100,
    "pendingPercent": 0,
    "other": 0,
    "hasOther": false,
    "skipped": 0,
    "hasSkipped": false
  },
  "results": [
    {
      "uuid": "716db8f8-96c2-4431-9611-09254ce36a4e",
      "title": "",
      "fullFile": "cypress\\e2e\\spec.cy.ts",
      "file": "cypress\\e2e\\spec.cy.ts",
      "beforeHooks": [],
      "afterHooks": [],
      "tests": [],
      "suites": [
        {
          "uuid": "029a6705-ed3e-4231-909b-c585261c03b4",
          "title": "Google Navigation",
          "fullFile": "",
          "file": "",
          "beforeHooks": [],
          "afterHooks": [],
          "tests": [
            {
              "title": "Google Search",
              "fullTitle": "Google Navigation Google Search",
              "timedOut": null,
              "duration": 10890,
              "state": "passed",
              "speed": "slow",
              "pass": true,
              "fail": false,
              "pending": false,
              "context": null,
              "code": "cy.visit('https://www.google.fr');\nsearch.googleSearch().type('skysccaner');\nsearch.googleSearchBtn().click({ force: true });\nsearch.searchResults().should('be.visible');\nsearch.Siteclick().click();\nCypress.on('uncaught:exception', () => {\n    // prevent google error\n    return false;\n});",
              "err": {},
              "uuid": "012a3e45-49cb-437d-86ab-f69403d32735",
              "parentUUID": "029a6705-ed3e-4231-909b-c585261c03b4",
              "isHook": false,
              "skipped": false
            },
            {
              "title": "Check Assertions",
              "fullTitle": "Google Navigation Check Assertions",
              "timedOut": null,
              "duration": 177,
              "state": "passed",
              "speed": "fast",
              "pass": true,
              "fail": false,
              "pending": false,
              "context": null,
              "code": "search.searchResultsVols().should('be.visible');\nsearch.searchResultsHotels().should('be.visible');\nsearch.searchResultsCars().should('be.visible');",
              "err": {},
              "uuid": "10c07527-157e-448e-8336-8555b6607026",
              "parentUUID": "029a6705-ed3e-4231-909b-c585261c03b4",
              "isHook": false,
              "skipped": false
            },
            {
              "title": "Search and click Paris Orly",
              "fullTitle": "Google Navigation Search and click Paris Orly",
              "timedOut": null,
              "duration": 1270,
              "state": "passed",
              "speed": "fast",
              "pass": true,
              "fail": false,
              "pending": false,
              "context": null,
              "code": "cy.get('#fsc-origin-search').type('Paris');\ncy.get('#react-autowhatever-fsc-origin-search').should('be.visible');\ncy.get('#react-autowhatever-fsc-origin-search--item-1').click();",
              "err": {},
              "uuid": "27c7cd5d-ac3f-442d-85aa-8dcea2655308",
              "parentUUID": "029a6705-ed3e-4231-909b-c585261c03b4",
              "isHook": false,
              "skipped": false
            },
            {
              "title": "Search and click Tanger",
              "fullTitle": "Google Navigation Search and click Tanger",
              "timedOut": null,
              "duration": 1056,
              "state": "passed",
              "speed": "fast",
              "pass": true,
              "fail": false,
              "pending": false,
              "context": null,
              "code": "cy.get('#fsc-destination-search').should('be.visible');\ncy.get('#fsc-destination-search').type('Tanger');\ncy.get('#react-autowhatever-fsc-destination-search--item-0').click();",
              "err": {},
              "uuid": "c1423448-a2b4-4958-a757-3427f8bac3e0",
              "parentUUID": "029a6705-ed3e-4231-909b-c585261c03b4",
              "isHook": false,
              "skipped": false
            },
            {
              "title": "Date 1/12/2022 choose",
              "fullTitle": "Google Navigation Date 1/12/2022 choose",
              "timedOut": null,
              "duration": 640,
              "state": "passed",
              "speed": "fast",
              "pass": true,
              "fail": false,
              "pending": false,
              "context": null,
              "code": "cy.get('#depart-fsc-datepicker-button > .DateInput_DateInput--text__MzMyY').click();\nsearch.DateSelector().click();",
              "err": {},
              "uuid": "4394824e-5b85-43b2-a292-863eb9c3639d",
              "parentUUID": "029a6705-ed3e-4231-909b-c585261c03b4",
              "isHook": false,
              "skipped": false
            },
            {
              "title": "Search validate",
              "fullTitle": "Google Navigation Search validate",
              "timedOut": null,
              "duration": 244,
              "state": "passed",
              "speed": "fast",
              "pass": true,
              "fail": false,
              "pending": false,
              "context": null,
              "code": "cy.get('[aria-label=\"Trouver un vol\"]').should('be.visible');\ncy.get('[aria-label=\"Trouver un vol\"]').click();",
              "err": {},
              "uuid": "213b723f-9afd-4333-8826-06bf1cca913b",
              "parentUUID": "029a6705-ed3e-4231-909b-c585261c03b4",
              "isHook": false,
              "skipped": false
            }
          ],
          "suites": [],
          "passes": [
            "012a3e45-49cb-437d-86ab-f69403d32735",
            "10c07527-157e-448e-8336-8555b6607026",
            "27c7cd5d-ac3f-442d-85aa-8dcea2655308",
            "c1423448-a2b4-4958-a757-3427f8bac3e0",
            "4394824e-5b85-43b2-a292-863eb9c3639d",
            "213b723f-9afd-4333-8826-06bf1cca913b"
          ],
          "failures": [],
          "pending": [],
          "skipped": [],
          "duration": 14277,
          "root": false,
          "rootEmpty": false,
          "_timeout": 2000
        }
      ],
      "passes": [],
      "failures": [],
      "pending": [],
      "skipped": [],
      "duration": 0,
      "root": true,
      "rootEmpty": true,
      "_timeout": 2000
    }
  ],
  "meta": {
    "mocha": {
      "version": "7.0.1"
    },
    "mochawesome": {
      "options": {
        "quiet": false,
        "reportFilename": "mochawesome",
        "saveHtml": true,
        "saveJson": true,
        "consoleReporter": "spec",
        "useInlineDiffs": false,
        "code": true
      },
      "version": "7.1.3"
    },
    "marge": {
      "options": null,
      "version": "6.2.0"
    }
  }
}