{
  "stats": {
    "suites": 1,
    "tests": 6,
    "passes": 6,
    "pending": 0,
    "failures": 0,
    "start": "2022-11-22T09:58:31.586Z",
    "end": "2022-11-22T09:58:49.560Z",
    "duration": 17974,
    "testsRegistered": 6,
    "passPercent": 100,
    "pendingPercent": 0,
    "other": 0,
    "hasOther": false,
    "skipped": 0,
    "hasSkipped": false
  },
  "results": [
    {
      "uuid": "f7280bd4-4da5-420a-b20b-19caa93b21e7",
      "title": "",
      "fullFile": "cypress\\e2e\\spec.cy.ts",
      "file": "cypress\\e2e\\spec.cy.ts",
      "beforeHooks": [],
      "afterHooks": [],
      "tests": [],
      "suites": [
        {
          "uuid": "78ec83d3-5da9-4ff1-9f4d-4fc973f8dbd4",
          "title": "Google Navigation",
          "fullFile": "",
          "file": "",
          "beforeHooks": [],
          "afterHooks": [],
          "tests": [
            {
              "title": "Google Search",
              "fullTitle": "Google Navigation Google Search",
              "timedOut": null,
              "duration": 10738,
              "state": "passed",
              "speed": "slow",
              "pass": true,
              "fail": false,
              "pending": false,
              "context": null,
              "code": "cy.visit('https://www.google.fr');\nsearch.googleSearch().type('skysccaner');\nsearch.googleSearchBtn().click({ force: true });\nsearch.searchResults().should('be.visible');\nsearch.Siteclick().click();\nCypress.on('uncaught:exception', () => {\n    // prevent google error\n    return false;\n});",
              "err": {},
              "uuid": "1e6fb3c6-a4d4-4512-b1af-e2582d21ee52",
              "parentUUID": "78ec83d3-5da9-4ff1-9f4d-4fc973f8dbd4",
              "isHook": false,
              "skipped": false
            },
            {
              "title": "Check Assertions",
              "fullTitle": "Google Navigation Check Assertions",
              "timedOut": null,
              "duration": 279,
              "state": "passed",
              "speed": "fast",
              "pass": true,
              "fail": false,
              "pending": false,
              "context": null,
              "code": "search.searchResultsVols().should('be.visible');\nsearch.searchResultsHotels().should('be.visible');\nsearch.searchResultsCars().should('be.visible');",
              "err": {},
              "uuid": "d292556e-5c83-4498-8f65-3aa661d70ac4",
              "parentUUID": "78ec83d3-5da9-4ff1-9f4d-4fc973f8dbd4",
              "isHook": false,
              "skipped": false
            },
            {
              "title": "Search and click Paris Orly",
              "fullTitle": "Google Navigation Search and click Paris Orly",
              "timedOut": null,
              "duration": 2235,
              "state": "passed",
              "speed": "fast",
              "pass": true,
              "fail": false,
              "pending": false,
              "context": null,
              "code": "cy.get('#fsc-origin-search').type('Paris');\ncy.get('#react-autowhatever-fsc-origin-search').should('be.visible');\ncy.get('#react-autowhatever-fsc-origin-search--item-1').click();",
              "err": {},
              "uuid": "f4189efb-9a8b-4eca-8328-f65dcc6198ff",
              "parentUUID": "78ec83d3-5da9-4ff1-9f4d-4fc973f8dbd4",
              "isHook": false,
              "skipped": false
            },
            {
              "title": "Search and click Tanger",
              "fullTitle": "Google Navigation Search and click Tanger",
              "timedOut": null,
              "duration": 979,
              "state": "passed",
              "speed": "fast",
              "pass": true,
              "fail": false,
              "pending": false,
              "context": null,
              "code": "cy.get('#fsc-destination-search').should('be.visible');\ncy.get('#fsc-destination-search').type('Tanger');\ncy.get('#react-autowhatever-fsc-destination-search--item-0').click();",
              "err": {},
              "uuid": "d663f0ac-6f26-4d2e-8896-e1757473dded",
              "parentUUID": "78ec83d3-5da9-4ff1-9f4d-4fc973f8dbd4",
              "isHook": false,
              "skipped": false
            },
            {
              "title": "Date 1/12/2022 choose",
              "fullTitle": "Google Navigation Date 1/12/2022 choose",
              "timedOut": null,
              "duration": 758,
              "state": "passed",
              "speed": "fast",
              "pass": true,
              "fail": false,
              "pending": false,
              "context": null,
              "code": "cy.get('#depart-fsc-datepicker-button > .DateInput_DateInput--text__MzMyY').click();\nsearch.DateSelector().click();",
              "err": {},
              "uuid": "e9636bb9-2f1e-4ec7-b40c-900e477da86e",
              "parentUUID": "78ec83d3-5da9-4ff1-9f4d-4fc973f8dbd4",
              "isHook": false,
              "skipped": false
            },
            {
              "title": "Search validate",
              "fullTitle": "Google Navigation Search validate",
              "timedOut": null,
              "duration": 427,
              "state": "passed",
              "speed": "fast",
              "pass": true,
              "fail": false,
              "pending": false,
              "context": null,
              "code": "cy.get('[aria-label=\"Trouver un vol\"]').should('be.visible');\ncy.get('[aria-label=\"Trouver un vol\"]').click();",
              "err": {},
              "uuid": "769f63e5-8e67-4380-bd65-3f3f3bfd2e0c",
              "parentUUID": "78ec83d3-5da9-4ff1-9f4d-4fc973f8dbd4",
              "isHook": false,
              "skipped": false
            }
          ],
          "suites": [],
          "passes": [
            "1e6fb3c6-a4d4-4512-b1af-e2582d21ee52",
            "d292556e-5c83-4498-8f65-3aa661d70ac4",
            "f4189efb-9a8b-4eca-8328-f65dcc6198ff",
            "d663f0ac-6f26-4d2e-8896-e1757473dded",
            "e9636bb9-2f1e-4ec7-b40c-900e477da86e",
            "769f63e5-8e67-4380-bd65-3f3f3bfd2e0c"
          ],
          "failures": [],
          "pending": [],
          "skipped": [],
          "duration": 15416,
          "root": false,
          "rootEmpty": false,
          "_timeout": 2000
        }
      ],
      "passes": [],
      "failures": [],
      "pending": [],
      "skipped": [],
      "duration": 0,
      "root": true,
      "rootEmpty": true,
      "_timeout": 2000
    }
  ],
  "meta": {
    "mocha": {
      "version": "7.0.1"
    },
    "mochawesome": {
      "options": {
        "quiet": false,
        "reportFilename": "mochawesome",
        "saveHtml": true,
        "saveJson": true,
        "consoleReporter": "spec",
        "useInlineDiffs": false,
        "code": true
      },
      "version": "7.1.3"
    },
    "marge": {
      "options": null,
      "version": "6.2.0"
    }
  }
}